{
  "RSpec": {
    "coverage": {
      "/Users/andygout/Desktop/Projects/airport_challenge/spec/airport_spec.rb": [
        1,
        null,
        1,
        null,
        7,
        null,
        1,
        null,
        1,
        1,
        1,
        1,
        null,
        null,
        1,
        1,
        1,
        1,
        1,
        null,
        null,
        null,
        null,
        1,
        null,
        1,
        1,
        11,
        2,
        null,
        null,
        1,
        null,
        1,
        1,
        2,
        null,
        null,
        1,
        1,
        2,
        null,
        null,
        null,
        null,
        null,
        null,
        1,
        null,
        1,
        1,
        3,
        2,
        null,
        null,
        null,
        null,
        null
      ],
      "/Users/andygout/Desktop/Projects/airport_challenge/lib/airport.rb": [
        1,
        null,
        1,
        null,
        1,
        null,
        1,
        null,
        1,
        13,
        13,
        null,
        null,
        1,
        1,
        0,
        null,
        null,
        1,
        42,
        40,
        38,
        38,
        null,
        null,
        1,
        5,
        3,
        3,
        null,
        null,
        1,
        6,
        null,
        null,
        1,
        40,
        null,
        null,
        1,
        5,
        null,
        null,
        null
      ],
      "/Users/andygout/Desktop/Projects/airport_challenge/lib/weather.rb": [
        1,
        null,
        1,
        1,
        null,
        null,
        null
      ],
      "/Users/andygout/Desktop/Projects/airport_challenge/spec/feature/traffic_control_incoming_spec.rb": [
        1,
        1,
        1,
        null,
        1,
        null,
        4,
        5,
        null,
        1,
        1,
        1,
        1,
        null,
        null,
        1,
        1,
        11,
        2,
        null,
        null,
        1,
        1,
        2,
        null,
        null,
        1,
        1,
        7,
        7,
        null,
        null,
        null
      ],
      "/Users/andygout/Desktop/Projects/airport_challenge/lib/plane.rb": [
        1,
        null,
        1,
        null,
        1,
        15,
        null,
        null,
        1,
        25,
        null,
        null,
        1,
        3,
        null,
        null,
        1,
        6,
        null,
        null,
        1,
        1,
        null,
        null,
        1,
        null,
        1,
        null,
        null
      ],
      "/Users/andygout/Desktop/Projects/airport_challenge/spec/feature/traffic_control_outgoing_spec.rb": [
        1,
        1,
        1,
        null,
        1,
        null,
        4,
        4,
        null,
        1,
        1,
        1,
        1,
        1,
        null,
        null,
        1,
        1,
        2,
        null,
        null,
        1,
        1,
        7,
        1,
        2,
        2,
        null,
        null,
        null
      ],
      "/Users/andygout/Desktop/Projects/airport_challenge/spec/plane_spec.rb": [
        1,
        null,
        1,
        null,
        1,
        1,
        null,
        null,
        1,
        1,
        1,
        null,
        null,
        1,
        1,
        1,
        null,
        null,
        null
      ],
      "/Users/andygout/Desktop/Projects/airport_challenge/spec/weather_spec.rb": [
        1,
        null,
        1,
        null,
        1,
        null,
        1,
        1,
        1,
        null,
        null,
        null,
        null,
        null
      ]
    },
    "timestamp": 1431026702
  }
}
